0 info it worked if it ends with ok
1 verbose cli [ 'C:\\Program Files\\nodejs\\node.exe',
1 verbose cli   'C:\\Program Files\\nodejs\\node_modules\\npm\\bin\\npm-cli.js',
1 verbose cli   'start' ]
2 info using npm@3.10.3
3 info using node@v6.5.0
4 verbose run-script [ 'prestart', 'start', 'poststart' ]
5 info lifecycle nanugong@1.0.0~prestart: nanugong@1.0.0
6 silly lifecycle nanugong@1.0.0~prestart: no script for prestart, continuing
7 info lifecycle nanugong@1.0.0~start: nanugong@1.0.0
8 verbose lifecycle nanugong@1.0.0~start: unsafe-perm in lifecycle true
9 verbose lifecycle nanugong@1.0.0~start: PATH: C:\Program Files\nodejs\node_modules\npm\bin\node-gyp-bin;C:\Users\tmdgh\Desktop\project\NanuGong\node_modules\.bin;C:\Program Files\nodejs;C:\ProgramData\Oracle\Java\javapath;C:\Program Files (x86)\Intel\iCLS Client\;C:\Program Files\Intel\iCLS Client\;C:\WINDOWS\system32;C:\WINDOWS;C:\WINDOWS\System32\Wbem;C:\WINDOWS\System32\WindowsPowerShell\v1.0\;C:\Program Files\Intel\WiFi\bin\;C:\Program Files\Common Files\Intel\WirelessCommon\;C:\Program Files (x86)\Intel\Intel(R) Management Engine Components\DAL;C:\Program Files\Intel\Intel(R) Management Engine Components\DAL;C:\Program Files (x86)\Intel\Intel(R) Management Engine Components\IPT;C:\Program Files\Intel\Intel(R) Management Engine Components\IPT;C:\Program Files (x86)\GtkSharp\2.12\bin;C:\Program Files\Java\jdk1.8.0_101\bin;C:\Program Files\nodejs\;/android-sdks/platform-tools;C:\Program Files\Git\cmd;C:\Program Files\TortoiseGit\bin;C:\Program Files\MySQL\MySQL Utilities 1.6\;C:\Users\tmdgh\AppData\Roaming\npm;C:\Users\tmdgh\AppData\Local\Microsoft\WindowsApps;\android-sdks\platform-tools
10 verbose lifecycle nanugong@1.0.0~start: CWD: C:\Users\tmdgh\Desktop\project\NanuGong
11 silly lifecycle nanugong@1.0.0~start: Args: [ '/d /s /c', 'node server.js' ]
12 silly lifecycle nanugong@1.0.0~start: Returned: code: 1  signal: null
13 info lifecycle nanugong@1.0.0~start: Failed to exec start script
14 verbose stack Error: nanugong@1.0.0 start: `node server.js`
14 verbose stack Exit status 1
14 verbose stack     at EventEmitter.<anonymous> (C:\Program Files\nodejs\node_modules\npm\lib\utils\lifecycle.js:242:16)
14 verbose stack     at emitTwo (events.js:106:13)
14 verbose stack     at EventEmitter.emit (events.js:191:7)
14 verbose stack     at ChildProcess.<anonymous> (C:\Program Files\nodejs\node_modules\npm\lib\utils\spawn.js:40:14)
14 verbose stack     at emitTwo (events.js:106:13)
14 verbose stack     at ChildProcess.emit (events.js:191:7)
14 verbose stack     at maybeClose (internal/child_process.js:877:16)
14 verbose stack     at Process.ChildProcess._handle.onexit (internal/child_process.js:226:5)
15 verbose pkgid nanugong@1.0.0
16 verbose cwd C:\Users\tmdgh\Desktop\project\NanuGong
17 error Windows_NT 10.0.14393
18 error argv "C:\\Program Files\\nodejs\\node.exe" "C:\\Program Files\\nodejs\\node_modules\\npm\\bin\\npm-cli.js" "start"
19 error node v6.5.0
20 error npm  v3.10.3
21 error code ELIFECYCLE
22 error nanugong@1.0.0 start: `node server.js`
22 error Exit status 1
23 error Failed at the nanugong@1.0.0 start script 'node server.js'.
23 error Make sure you have the latest version of node.js and npm installed.
23 error If you do, this is most likely a problem with the nanugong package,
23 error not with npm itself.
23 error Tell the author that this fails on your system:
23 error     node server.js
23 error You can get information on how to open an issue for this project with:
23 error     npm bugs nanugong
23 error Or if that isn't available, you can get their info via:
23 error     npm owner ls nanugong
23 error There is likely additional logging output above.
24 verbose exit [ 1, true ]
